<?xml version="1.0" encoding="UTF-8"?>
<!-- Generated by org.testng.reporters.JUnitReportReporter -->
<testsuite skipped="0" hostname="VKULAGERIX88KU0" name="script.CheckIssueDate" tests="1" failures="0" timestamp="05 Mar 2019 15:19:15 GMT" time="32.058" errors="0">
  <testcase name="testCheckIssueDate" time="32.058" classname="script.CheckIssueDate"/>
</testsuite> <!-- script.CheckIssueDate -->
