<?xml version="1.0" encoding="UTF-8"?>
<!-- Generated by org.testng.reporters.JUnitReportReporter -->
<testsuite skipped="0" hostname="VKULAGERIX88KU0" name="dataprovider.DemoB" tests="2" failures="0" timestamp="06 Mar 2019 06:05:58 GMT" time="0.021" errors="0">
  <testcase name="testA" time="0.017" classname="dataprovider.DemoB"/>
  <testcase name="testA" time="0.004" classname="dataprovider.DemoB"/>
</testsuite> <!-- dataprovider.DemoB -->
