<?xml version="1.0" encoding="UTF-8"?>
<!-- Generated by org.testng.reporters.JUnitReportReporter -->
<testsuite skipped="0" hostname="VKULAGERIX88KU0" name="script.InvalidLogin" tests="1" failures="0" timestamp="05 Mar 2019 15:19:15 GMT" time="36.279" errors="0">
  <testcase name="testInvalidLogin" time="36.279" classname="script.InvalidLogin"/>
</testsuite> <!-- script.InvalidLogin -->
