<?xml version="1.0" encoding="UTF-8"?>
<!-- Generated by org.testng.reporters.JUnitReportReporter -->
<testsuite skipped="0" hostname="VKULAGERIX88KU0" name="script.ValidLogin" tests="1" failures="0" timestamp="05 Mar 2019 15:19:15 GMT" time="33.374" errors="0">
  <testcase name="testValidLogin" time="33.374" classname="script.ValidLogin"/>
</testsuite> <!-- script.ValidLogin -->
